<?xml version="1.0" encoding="UTF-8"?>
<!-- Generated by org.testng.reporters.JUnitReportReporter -->
<testsuite hostname="HP" failures="0" tests="1" name="webauto.it.windowtab.WindowHandling" time="17.901" errors="0" timestamp="2024-07-16T20:45:02 BDT" skipped="0">
  <testcase classname="webauto.it.windowtab.WindowHandling" name="NewTab" time="17.901"/>
</testsuite> <!-- webauto.it.windowtab.WindowHandling -->
