<?xml version="1.0" encoding="UTF-8"?>
<!-- Generated by org.testng.reporters.JUnitReportReporter -->
<testsuite hostname="HP" failures="0" tests="1" name="webauto.it.locators.LocatorByXpathSelector" time="5.058" errors="0" timestamp="2024-07-09T22:34:22 BDT" skipped="0">
  <testcase classname="webauto.it.locators.LocatorByXpathSelector" name="locateByXpath1" time="5.058"/>
</testsuite> <!-- webauto.it.locators.LocatorByXpathSelector -->
