<?xml version="1.0" encoding="UTF-8"?>
<!-- Generated by org.testng.reporters.JUnitReportReporter -->
<testsuite hostname="HP" failures="0" tests="1" name="webauto.it.locators.LocatorByName" time="5.108" errors="0" timestamp="2024-07-05T20:26:48 BDT" skipped="0">
  <testcase classname="webauto.it.locators.LocatorByName" name="locateByID" time="5.108"/>
</testsuite> <!-- webauto.it.locators.LocatorByName -->
