<?xml version="1.0" encoding="UTF-8"?>
<!-- Generated by org.testng.reporters.JUnitReportReporter -->
<testsuite hostname="HP" failures="0" tests="1" name="webauto.it.mouseaction.MouseHover" time="9.494" errors="0" timestamp="2024-07-15T11:16:20 BDT" skipped="0">
  <testcase classname="webauto.it.mouseaction.MouseHover" name="hover" time="9.494"/>
</testsuite> <!-- webauto.it.mouseaction.MouseHover -->
