<?xml version="1.0" encoding="UTF-8"?>
<!-- Generated by org.testng.reporters.JUnitReportReporter -->
<testsuite hostname="HP" failures="0" tests="1" name="webauto.it.scrollaction.ScrollToElement" time="5.036" errors="0" timestamp="2024-07-15T17:25:45 BDT" skipped="0">
  <testcase classname="webauto.it.scrollaction.ScrollToElement" name="scrollToSpecificElement" time="5.036"/>
</testsuite> <!-- webauto.it.scrollaction.ScrollToElement -->
