<?xml version="1.0" encoding="UTF-8"?>
<!-- Generated by org.testng.reporters.JUnitReportReporter -->
<testsuite hostname="HP" failures="0" tests="1" name="webauto.it.webpagenavigates.NavigateTo" time="78.780" errors="0" timestamp="2024-07-14T14:46:05 BDT" skipped="0">
  <testcase classname="webauto.it.webpagenavigates.NavigateTo" name="nagivateToExmaple" time="78.780"/>
</testsuite> <!-- webauto.it.webpagenavigates.NavigateTo -->
