<?xml version="1.0" encoding="UTF-8"?>
<!-- Generated by org.testng.reporters.JUnitReportReporter -->
<testsuite hostname="HP" failures="0" tests="2" name="webauto.it.frames.Iframeshandling" time="6.403" errors="0" timestamp="2024-07-16T19:43:44 BDT" skipped="0">
  <testcase classname="webauto.it.frames.Iframeshandling" name="countFrame" time="0.022"/>
  <testcase classname="webauto.it.frames.Iframeshandling" name="switchToFrame" time="6.381"/>
</testsuite> <!-- webauto.it.frames.Iframeshandling -->
