<?xml version="1.0" encoding="UTF-8"?>
<!-- Generated by org.testng.reporters.JUnitReportReporter -->
<testsuite hostname="HP" failures="0" tests="1" name="webauto.it.locators.LocatorByTagName" time="0.022" errors="0" timestamp="2024-07-09T20:05:11 BDT" skipped="0">
  <testcase classname="webauto.it.locators.LocatorByTagName" name="locateByTagName" time="0.022"/>
</testsuite> <!-- webauto.it.locators.LocatorByTagName -->
