<?xml version="1.0" encoding="UTF-8"?>
<!-- Generated by org.testng.reporters.JUnitReportReporter -->
<testsuite hostname="HP" failures="0" tests="1" name="webauto.it.webelements.WebElementSendKey" time="5.110" errors="0" timestamp="2024-07-13T16:01:39 BDT" skipped="0">
  <testcase classname="webauto.it.webelements.WebElementSendKey" name="sendKeyExample" time="5.110"/>
</testsuite> <!-- webauto.it.webelements.WebElementSendKey -->
