<?xml version="1.0" encoding="UTF-8"?>
<!-- Generated by org.testng.reporters.JUnitReportReporter -->
<testsuite hostname="HP" failures="0" tests="1" name="webauto.it.selectaction.KeyBoardEvents" time="8.203" errors="0" timestamp="2024-07-15T18:32:30 BDT" skipped="0">
  <testcase classname="webauto.it.selectaction.KeyBoardEvents" name="copyAndPaste" time="8.203"/>
</testsuite> <!-- webauto.it.selectaction.KeyBoardEvents -->
