<?xml version="1.0" encoding="UTF-8"?>
<!-- Generated by org.testng.reporters.JUnitReportReporter -->
<testsuite hostname="HP" failures="0" tests="1" name="webauto.it.mouseaction.MouseHover" time="14.521" errors="0" timestamp="2024-07-14T20:09:48 BDT" skipped="0">
  <testcase classname="webauto.it.mouseaction.MouseHover" name="hover" time="14.521"/>
</testsuite> <!-- webauto.it.mouseaction.MouseHover -->
