<?xml version="1.0" encoding="UTF-8"?>
<!-- Generated by org.testng.reporters.JUnitReportReporter -->
<testsuite hostname="HP" failures="0" tests="1" name="webauto.it.bd.OpenUrl" time="7.032" errors="0" timestamp="2024-07-01T21:12:51 BDT" skipped="0">
  <testcase classname="webauto.it.bd.OpenUrl" name="open" time="7.032"/>
</testsuite> <!-- webauto.it.bd.OpenUrl -->
