<?xml version="1.0" encoding="UTF-8"?>
<!-- Generated by org.testng.reporters.JUnitReportReporter -->
<testsuite hostname="HP" failures="0" tests="1" name="webauto.it.browsercommands.BrowserCommands" time="0.049" errors="0" timestamp="2024-07-13T19:45:21 BDT" skipped="0">
  <testcase classname="webauto.it.browsercommands.BrowserCommands" name="browserCommandsExamples" time="0.049"/>
</testsuite> <!-- webauto.it.browsercommands.BrowserCommands -->
