<?xml version="1.0" encoding="UTF-8"?>
<!-- Generated by org.testng.reporters.JUnitReportReporter -->
<testsuite hostname="HP" failures="0" tests="1" name="webauto.it.bd.LocatorExample" time="5.123" errors="0" timestamp="2024-07-04T12:14:35 BDT" skipped="0">
  <testcase classname="webauto.it.bd.LocatorExample" name="locateByID" time="5.123"/>
</testsuite> <!-- webauto.it.bd.LocatorExample -->
