<?xml version="1.0" encoding="UTF-8"?>
<!-- Generated by org.testng.reporters.JUnitReportReporter -->
<testsuite hostname="HP" failures="0" tests="2" name="webauto.it.scrollaction.ScrollDown" time="10.056" errors="0" timestamp="2024-07-15T17:31:33 BDT" skipped="0">
  <testcase classname="webauto.it.scrollaction.ScrollDown" name="scrollDown" time="5.020"/>
  <testcase classname="webauto.it.scrollaction.ScrollDown" name="scrollUp" time="5.036"/>
</testsuite> <!-- webauto.it.scrollaction.ScrollDown -->
