<?xml version="1.0" encoding="UTF-8"?>
<!-- Generated by org.testng.reporters.JUnitReportReporter -->
<testsuite hostname="HP" failures="0" tests="1" name="webauto.it.webelements.GetAttributeCommand" time="5.063" errors="0" timestamp="2024-07-13T16:52:47 BDT" skipped="0">
  <testcase classname="webauto.it.webelements.GetAttributeCommand" name="getAttribute" time="5.063"/>
</testsuite> <!-- webauto.it.webelements.GetAttributeCommand -->
