<?xml version="1.0" encoding="UTF-8"?>
<!-- Generated by org.testng.reporters.JUnitReportReporter -->
<testsuite hostname="HP" failures="0" tests="1" name="webauto.it.webelements.WebElementsExample" time="13.243" errors="0" timestamp="2024-07-11T22:46:44 BDT" skipped="0">
  <testcase classname="webauto.it.webelements.WebElementsExample" name="clearExample" time="13.243"/>
</testsuite> <!-- webauto.it.webelements.WebElementsExample -->
