<?xml version="1.0" encoding="UTF-8"?>
<!-- Generated by org.testng.reporters.JUnitReportReporter -->
<testsuite hostname="HP" failures="0" tests="1" name="webauto.it.webelements.ClearCommand" time="13.204" errors="0" timestamp="2024-07-13T16:00:27 BDT" skipped="0">
  <testcase classname="webauto.it.webelements.ClearCommand" name="clearExample" time="13.204"/>
</testsuite> <!-- webauto.it.webelements.ClearCommand -->
