<?xml version="1.0" encoding="UTF-8"?>
<!-- Generated by org.testng.reporters.JUnitReportReporter -->
<testsuite hostname="HP" failures="0" tests="1" name="webauto.it.scrollaction.ScrollExampls" time="5.095" errors="0" timestamp="2024-07-15T11:52:39 BDT" skipped="0">
  <testcase classname="webauto.it.scrollaction.ScrollExampls" name="scrollDown" time="5.095"/>
</testsuite> <!-- webauto.it.scrollaction.ScrollExampls -->
