<?xml version="1.0" encoding="UTF-8"?>
<!-- Generated by org.testng.reporters.JUnitReportReporter -->
<testsuite hostname="HP" failures="0" tests="1" name="webauto.it.windowtab.TabHandling" time="15.831" errors="0" timestamp="2024-07-16T20:40:03 BDT" skipped="0">
  <testcase classname="webauto.it.windowtab.TabHandling" name="NewTab" time="15.831"/>
</testsuite> <!-- webauto.it.windowtab.TabHandling -->
