<?xml version="1.0" encoding="UTF-8"?>
<!-- Generated by org.testng.reporters.JUnitReportReporter -->
<testsuite hostname="HP" failures="0" tests="1" name="webauto.it.webelements.ClickCommand" time="5.103" errors="0" timestamp="2024-07-13T16:13:57 BDT" skipped="0">
  <testcase classname="webauto.it.webelements.ClickCommand" name="clickExample" time="5.103"/>
</testsuite> <!-- webauto.it.webelements.ClickCommand -->
