<?xml version="1.0" encoding="UTF-8"?>
<!-- Generated by org.testng.reporters.JUnitReportReporter -->
<testsuite hostname="HP" failures="0" tests="2" name="webauto.it.bd.TestNGExamples" time="0.008" errors="0" timestamp="2024-07-09T15:06:51 BDT" skipped="0">
  <testcase classname="webauto.it.bd.TestNGExamples" name="testExample2" time="0.005"/>
  <testcase classname="webauto.it.bd.TestNGExamples" name="testExample" time="0.003"/>
</testsuite> <!-- webauto.it.bd.TestNGExamples -->
